<?xml version="1.0" encoding="UTF-8"?>
<!-- Generated by org.testng.reporters.JUnitXMLReporter -->
<testsuite ignored="0" hostname="ALTHAF-SK9999" failures="0" tests="4" name="Test" time="0.167" errors="0" timestamp="2022-12-28T14:23:23 IST">
  <testcase classname="scripts.Tc1" name="demo" time="0.036"/>
  <testcase classname="scripts.Tc2" name="demo" time="0.001"/>
  <testcase classname="scripts.Tc3" name="demo" time="0.003"/>
  <testcase classname="scripts.Tc4" name="demo" time="0.003"/>
</testsuite> <!-- Test -->
