<?xml version="1.0" encoding="UTF-8"?>
<testng-results ignored="0" total="4" passed="4" failed="0" skipped="0">
  <reporter-output>
    <line>
      <![CDATA[hello Java]]>
    </line>
    <line>
      <![CDATA[hello Java]]>
    </line>
    <line>
      <![CDATA[hello Java]]>
    </line>
    <line>
      <![CDATA[hello Java]]>
    </line>
  </reporter-output>
  <suite started-at="2022-12-28T14:23:22 IST" name="Suite" finished-at="2022-12-28T14:23:23 IST" duration-ms="167">
    <groups>
    </groups>
    <test started-at="2022-12-28T14:23:22 IST" name="Test" finished-at="2022-12-28T14:23:23 IST" duration-ms="167">
      <class name="scripts.Tc3">
        <test-method signature="demo()[pri:0, instance:scripts.Tc3@70e8f8e]" started-at="2022-12-28T14:23:23 IST" name="demo" finished-at="2022-12-28T14:23:23 IST" duration-ms="3" status="PASS">
          <reporter-output>
            <line>
              <![CDATA[hello Java]]>
            </line>
          </reporter-output>
        </test-method> <!-- demo -->
      </class> <!-- scripts.Tc3 -->
      <class name="scripts.Tc4">
        <test-method signature="demo()[pri:0, instance:scripts.Tc4@17046283]" started-at="2022-12-28T14:23:23 IST" name="demo" finished-at="2022-12-28T14:23:23 IST" duration-ms="3" status="PASS">
          <reporter-output>
            <line>
              <![CDATA[hello Java]]>
            </line>
          </reporter-output>
        </test-method> <!-- demo -->
      </class> <!-- scripts.Tc4 -->
      <class name="scripts.Tc1">
        <test-method signature="demo()[pri:0, instance:scripts.Tc1@418e7838]" started-at="2022-12-28T14:23:22 IST" name="demo" finished-at="2022-12-28T14:23:22 IST" duration-ms="36" status="PASS">
          <reporter-output>
            <line>
              <![CDATA[hello Java]]>
            </line>
          </reporter-output>
        </test-method> <!-- demo -->
      </class> <!-- scripts.Tc1 -->
      <class name="scripts.Tc2">
        <test-method signature="demo()[pri:0, instance:scripts.Tc2@2e4b8173]" started-at="2022-12-28T14:23:23 IST" name="demo" finished-at="2022-12-28T14:23:23 IST" duration-ms="1" status="PASS">
          <reporter-output>
            <line>
              <![CDATA[hello Java]]>
            </line>
          </reporter-output>
        </test-method> <!-- demo -->
      </class> <!-- scripts.Tc2 -->
    </test> <!-- Test -->
  </suite> <!-- Suite -->
</testng-results>
